<?xml version="1.0" encoding="UTF-8"?>
<!-- Generated by org.testng.reporters.JUnitReportReporter -->
<testsuite skipped="0" hostname="LAPTOP-RJ6NAOK1" name="testScripts.Module1" tests="1" failures="0" timestamp="09 Mar 2019 11:21:26 GMT" time="29.592" errors="0">
  <testcase name="TC101" time="29.592" classname="testScripts.Module1"/>
</testsuite> <!-- testScripts.Module1 -->
