<?xml version="1.0" encoding="UTF-8"?>
<!-- Generated by org.testng.reporters.JUnitReportReporter -->
<testsuite skipped="0" hostname="DESKTOP-9DOSSTH" name="testScripts.Module1" tests="2" failures="0" timestamp="26 Jan 2019 04:01:59 GMT" time="51.472" errors="0">
  <testcase name="TC102" time="27.671" classname="testScripts.Module1"/>
  <testcase name="TC101" time="23.801" classname="testScripts.Module1"/>
</testsuite> <!-- testScripts.Module1 -->
