<?xml version="1.0" encoding="UTF-8"?>
<!-- Generated by org.testng.reporters.JUnitReportReporter -->
<testsuite skipped="0" hostname="TmastersAnkit" name="testScripts.Module1" tests="1" failures="0" timestamp="26 Jan 2019 07:45:05 GMT" time="51.986" errors="0">
  <testcase name="TC101" time="51.986" classname="testScripts.Module1"/>
</testsuite> <!-- testScripts.Module1 -->
